<?xml version="1.0" encoding="UTF-8"?>
<testsuite name="com.example.testingweb.HttpRequestTest" tests="1" skipped="0" failures="0" errors="0" timestamp="2021-01-29T12:26:05" hostname="ubuntu" time="0.212">
  <properties/>
  <testcase name="greetingShouldReturnDefaultMessage()" classname="com.example.testingweb.HttpRequestTest" time="0.212"/>
  <system-out><![CDATA[2021-01-29 13:26:04.049  INFO 81011 --- [    Test worker] .b.t.c.SpringBootTestContextBootstrapper : Neither @ContextConfiguration nor @ContextHierarchy found for test class [com.example.testingweb.HttpRequestTest], using SpringBootContextLoader
2021-01-29 13:26:04.052  INFO 81011 --- [    Test worker] o.s.t.c.support.AbstractContextLoader    : Could not detect default resource locations for test class [com.example.testingweb.HttpRequestTest]: no resource found for suffixes {-context.xml, Context.groovy}.
2021-01-29 13:26:04.052  INFO 81011 --- [    Test worker] t.c.s.AnnotationConfigContextLoaderUtils : Could not detect default configuration classes for test class [com.example.testingweb.HttpRequestTest]: HttpRequestTest does not declare any static, non-private, non-final, nested classes annotated with @Configuration.
2021-01-29 13:26:04.064  INFO 81011 --- [    Test worker] .b.t.c.SpringBootTestContextBootstrapper : Found @SpringBootConfiguration com.example.testingweb.TestingWebApplication for test class com.example.testingweb.HttpRequestTest
2021-01-29 13:26:04.068  INFO 81011 --- [    Test worker] .b.t.c.SpringBootTestContextBootstrapper : Loaded default TestExecutionListener class names from location [META-INF/spring.factories]: [org.springframework.boot.test.autoconfigure.restdocs.RestDocsTestExecutionListener, org.springframework.boot.test.autoconfigure.web.client.MockRestServiceServerResetTestExecutionListener, org.springframework.boot.test.autoconfigure.web.servlet.MockMvcPrintOnlyOnFailureTestExecutionListener, org.springframework.boot.test.autoconfigure.web.servlet.WebDriverTestExecutionListener, org.springframework.boot.test.autoconfigure.webservices.client.MockWebServiceServerTestExecutionListener, org.springframework.boot.test.mock.mockito.MockitoTestExecutionListener, org.springframework.boot.test.mock.mockito.ResetMocksTestExecutionListener, org.springframework.test.context.web.ServletTestExecutionListener, org.springframework.test.context.support.DirtiesContextBeforeModesTestExecutionListener, org.springframework.test.context.support.DependencyInjectionTestExecutionListener, org.springframework.test.context.support.DirtiesContextTestExecutionListener, org.springframework.test.context.transaction.TransactionalTestExecutionListener, org.springframework.test.context.jdbc.SqlScriptsTestExecutionListener, org.springframework.test.context.event.EventPublishingTestExecutionListener]
2021-01-29 13:26:04.073  INFO 81011 --- [    Test worker] .b.t.c.SpringBootTestContextBootstrapper : Using TestExecutionListeners: [org.springframework.test.context.web.ServletTestExecutionListener@1eb92bf9, org.springframework.test.context.support.DirtiesContextBeforeModesTestExecutionListener@7da8cc23, org.springframework.boot.test.mock.mockito.MockitoTestExecutionListener@11d8f8fd, org.springframework.boot.test.autoconfigure.SpringBootDependencyInjectionTestExecutionListener@55eed305, org.springframework.test.context.support.DirtiesContextTestExecutionListener@2dfdca2, org.springframework.test.context.event.EventPublishingTestExecutionListener@39add10e, org.springframework.boot.test.autoconfigure.restdocs.RestDocsTestExecutionListener@6fe4d9d6, org.springframework.boot.test.autoconfigure.web.client.MockRestServiceServerResetTestExecutionListener@4cb159d4, org.springframework.boot.test.autoconfigure.web.servlet.MockMvcPrintOnlyOnFailureTestExecutionListener@30f7a62c, org.springframework.boot.test.autoconfigure.web.servlet.WebDriverTestExecutionListener@6785249d, org.springframework.boot.test.autoconfigure.webservices.client.MockWebServiceServerTestExecutionListener@2ee66bd2, org.springframework.boot.test.mock.mockito.ResetMocksTestExecutionListener@685fe823]

  .   ____          _            __ _ _
 /\\ / ___'_ __ _ _(_)_ __  __ _ \ \ \ \
( ( )\___ | '_ | '_| | '_ \/ _` | \ \ \ \
 \\/  ___)| |_)| | | | | || (_| |  ) ) ) )
  '  |____| .__|_| |_|_| |_\__, | / / / /
 =========|_|==============|___/=/_/_/_/
 :: Spring Boot ::        (v2.3.2.RELEASE)

2021-01-29 13:26:04.141  INFO 81011 --- [    Test worker] com.example.testingweb.HttpRequestTest   : Starting HttpRequestTest on ubuntu with PID 81011 (started by viewadmin in /home/viewadmin/hello-spring-testing)
2021-01-29 13:26:04.142  INFO 81011 --- [    Test worker] com.example.testingweb.HttpRequestTest   : No active profile set, falling back to default profiles: default
2021-01-29 13:26:04.837  INFO 81011 --- [    Test worker] o.s.b.w.embedded.tomcat.TomcatWebServer  : Tomcat initialized with port(s): 0 (http)
2021-01-29 13:26:04.853  INFO 81011 --- [    Test worker] o.apache.catalina.core.StandardService   : Starting service [Tomcat]
2021-01-29 13:26:04.854  INFO 81011 --- [    Test worker] org.apache.catalina.core.StandardEngine  : Starting Servlet engine: [Apache Tomcat/9.0.37]
2021-01-29 13:26:05.060  INFO 81011 --- [    Test worker] o.a.c.c.C.[Tomcat].[localhost].[/]       : Initializing Spring embedded WebApplicationContext
2021-01-29 13:26:05.061  INFO 81011 --- [    Test worker] w.s.c.ServletWebServerApplicationContext : Root WebApplicationContext: initialization completed in 912 ms
2021-01-29 13:26:05.261  INFO 81011 --- [    Test worker] o.s.s.concurrent.ThreadPoolTaskExecutor  : Initializing ExecutorService 'applicationTaskExecutor'
2021-01-29 13:26:05.437  INFO 81011 --- [    Test worker] o.s.b.w.embedded.tomcat.TomcatWebServer  : Tomcat started on port(s): 33059 (http) with context path ''
2021-01-29 13:26:05.448  INFO 81011 --- [    Test worker] com.example.testingweb.HttpRequestTest   : Started HttpRequestTest in 1.369 seconds (JVM running for 11.45)
2021-01-29 13:26:05.566  INFO 81011 --- [o-auto-1-exec-1] o.a.c.c.C.[Tomcat].[localhost].[/]       : Initializing Spring DispatcherServlet 'dispatcherServlet'
2021-01-29 13:26:05.566  INFO 81011 --- [o-auto-1-exec-1] o.s.web.servlet.DispatcherServlet        : Initializing Servlet 'dispatcherServlet'
2021-01-29 13:26:05.600  INFO 81011 --- [o-auto-1-exec-1] o.s.web.servlet.DispatcherServlet        : Completed initialization in 33 ms
]]></system-out>
  <system-err><![CDATA[]]></system-err>
</testsuite>
