<?xml version="1.0" encoding="UTF-8"?>
<testsuite name="com.example.testingweb.WebLayerTest" tests="1" skipped="0" failures="0" errors="0" timestamp="2021-01-29T12:26:02" hostname="ubuntu" time="0.058">
  <properties/>
  <testcase name="shouldReturnDefaultMessage()" classname="com.example.testingweb.WebLayerTest" time="0.058"/>
  <system-out><![CDATA[2021-01-29 13:26:02.036  INFO 81011 --- [    Test worker] .b.t.a.w.s.WebMvcTestContextBootstrapper : Neither @ContextConfiguration nor @ContextHierarchy found for test class [com.example.testingweb.WebLayerTest], using SpringBootContextLoader
2021-01-29 13:26:02.041  INFO 81011 --- [    Test worker] o.s.t.c.support.AbstractContextLoader    : Could not detect default resource locations for test class [com.example.testingweb.WebLayerTest]: no resource found for suffixes {-context.xml, Context.groovy}.
2021-01-29 13:26:02.041  INFO 81011 --- [    Test worker] t.c.s.AnnotationConfigContextLoaderUtils : Could not detect default configuration classes for test class [com.example.testingweb.WebLayerTest]: WebLayerTest does not declare any static, non-private, non-final, nested classes annotated with @Configuration.
2021-01-29 13:26:02.048  INFO 81011 --- [    Test worker] .b.t.c.SpringBootTestContextBootstrapper : Found @SpringBootConfiguration com.example.testingweb.TestingWebApplication for test class com.example.testingweb.WebLayerTest
2021-01-29 13:26:02.051  INFO 81011 --- [    Test worker] .b.t.a.w.s.WebMvcTestContextBootstrapper : Loaded default TestExecutionListener class names from location [META-INF/spring.factories]: [org.springframework.boot.test.autoconfigure.restdocs.RestDocsTestExecutionListener, org.springframework.boot.test.autoconfigure.web.client.MockRestServiceServerResetTestExecutionListener, org.springframework.boot.test.autoconfigure.web.servlet.MockMvcPrintOnlyOnFailureTestExecutionListener, org.springframework.boot.test.autoconfigure.web.servlet.WebDriverTestExecutionListener, org.springframework.boot.test.autoconfigure.webservices.client.MockWebServiceServerTestExecutionListener, org.springframework.boot.test.mock.mockito.MockitoTestExecutionListener, org.springframework.boot.test.mock.mockito.ResetMocksTestExecutionListener, org.springframework.test.context.web.ServletTestExecutionListener, org.springframework.test.context.support.DirtiesContextBeforeModesTestExecutionListener, org.springframework.test.context.support.DependencyInjectionTestExecutionListener, org.springframework.test.context.support.DirtiesContextTestExecutionListener, org.springframework.test.context.transaction.TransactionalTestExecutionListener, org.springframework.test.context.jdbc.SqlScriptsTestExecutionListener, org.springframework.test.context.event.EventPublishingTestExecutionListener]
2021-01-29 13:26:02.055  INFO 81011 --- [    Test worker] .b.t.a.w.s.WebMvcTestContextBootstrapper : Using TestExecutionListeners: [org.springframework.test.context.web.ServletTestExecutionListener@53c64329, org.springframework.test.context.support.DirtiesContextBeforeModesTestExecutionListener@68ac3582, org.springframework.boot.test.mock.mockito.MockitoTestExecutionListener@7e29c1ca, org.springframework.boot.test.autoconfigure.SpringBootDependencyInjectionTestExecutionListener@3fb83133, org.springframework.test.context.support.DirtiesContextTestExecutionListener@5e06f2e6, org.springframework.test.context.event.EventPublishingTestExecutionListener@570fcc81, org.springframework.boot.test.autoconfigure.restdocs.RestDocsTestExecutionListener@6718603b, org.springframework.boot.test.autoconfigure.web.client.MockRestServiceServerResetTestExecutionListener@1957e442, org.springframework.boot.test.autoconfigure.web.servlet.MockMvcPrintOnlyOnFailureTestExecutionListener@702fa44c, org.springframework.boot.test.autoconfigure.web.servlet.WebDriverTestExecutionListener@59ed050c, org.springframework.boot.test.autoconfigure.webservices.client.MockWebServiceServerTestExecutionListener@7dd0bfb2, org.springframework.boot.test.mock.mockito.ResetMocksTestExecutionListener@5b8321be]

  .   ____          _            __ _ _
 /\\ / ___'_ __ _ _(_)_ __  __ _ \ \ \ \
( ( )\___ | '_ | '_| | '_ \/ _` | \ \ \ \
 \\/  ___)| |_)| | | | | || (_| |  ) ) ) )
  '  |____| .__|_| |_|_| |_\__, | / / / /
 =========|_|==============|___/=/_/_/_/
 :: Spring Boot ::        (v2.3.2.RELEASE)

2021-01-29 13:26:02.109  INFO 81011 --- [    Test worker] com.example.testingweb.WebLayerTest      : Starting WebLayerTest on ubuntu with PID 81011 (started by viewadmin in /home/viewadmin/hello-spring-testing)
2021-01-29 13:26:02.122  INFO 81011 --- [    Test worker] com.example.testingweb.WebLayerTest      : No active profile set, falling back to default profiles: default
2021-01-29 13:26:02.702  INFO 81011 --- [    Test worker] o.s.s.concurrent.ThreadPoolTaskExecutor  : Initializing ExecutorService 'applicationTaskExecutor'
2021-01-29 13:26:02.908  INFO 81011 --- [    Test worker] o.s.b.t.m.w.SpringBootMockServletContext : Initializing Spring TestDispatcherServlet ''
2021-01-29 13:26:02.909  INFO 81011 --- [    Test worker] o.s.t.web.servlet.TestDispatcherServlet  : Initializing Servlet ''
2021-01-29 13:26:02.916  INFO 81011 --- [    Test worker] o.s.t.web.servlet.TestDispatcherServlet  : Completed initialization in 7 ms
2021-01-29 13:26:02.940  INFO 81011 --- [    Test worker] com.example.testingweb.WebLayerTest      : Started WebLayerTest in 0.878 seconds (JVM running for 8.943)

MockHttpServletRequest:
      HTTP Method = GET
      Request URI = /
       Parameters = {}
          Headers = []
             Body = <no character encoding set>
    Session Attrs = {}

Handler:
             Type = com.example.testingweb.HomeController
           Method = com.example.testingweb.HomeController#greeting()

Async:
    Async started = false
     Async result = null

Resolved Exception:
             Type = null

ModelAndView:
        View name = null
             View = null
            Model = null

FlashMap:
       Attributes = null

MockHttpServletResponse:
           Status = 200
    Error message = null
          Headers = [Content-Type:"text/plain;charset=UTF-8", Content-Length:"12"]
     Content type = text/plain;charset=UTF-8
             Body = Hello, World
    Forwarded URL = null
   Redirected URL = null
          Cookies = []
]]></system-out>
  <system-err><![CDATA[]]></system-err>
</testsuite>
